
> backend@1.0.0 start
> node index.js

Using EXTERNAL_API_URL: https://api.data.gov.in/resource/9ef84268-d588-465a-a308-a864a43d0070
Using API_KEY: 579b464db66ec23bdd000001c930d933dc864d2c60dcf9070a7006d3
(node:19547) [MONGODB DRIVER] Warning: useNewUrlParser is a deprecated option: useNewUrlParser has no effect since Node.js Driver version 4.0.0 and will be removed in the next major version
(Use `node --trace-warnings ...` to show where the warning was created)
(node:19547) [MONGODB DRIVER] Warning: useUnifiedTopology is a deprecated option: useUnifiedTopology has no effect since Node.js Driver version 4.0.0 and will be removed in the next major version
Server is running on http://0.0.0.0:5000
Failed to connect to MongoDB MongooseServerSelectionError: connect ECONNREFUSED ::1:27017, connect ECONNREFUSED 127.0.0.1:27017
    at _handleConnectionErrors (/project/sandbox/user-workspace/Mandi_Mitra/backend/node_modules/mongoose/lib/connection.js:1165:11)
    at NativeConnection.openUri (/project/sandbox/user-workspace/Mandi_Mitra/backend/node_modules/mongoose/lib/connection.js:1096:11) {
  errorLabelSet: Set(0) {},
  reason: TopologyDescription {
    type: 'Unknown',
    servers: Map(1) { 'localhost:27017' => [ServerDescription] },
    stale: false,
    compatible: true,
    heartbeatFrequencyMS: 10000,
    localThresholdMS: 15,
    setName: null,
    maxElectionId: null,
    maxSetVersion: null,
    commonWireVersion: 0,
    logicalSessionTimeoutMinutes: null
  },
  code: undefined
}
